Using pre-set license
Built from '2021.3/staging' branch; Version is '2021.3.8f1 (b30333d56e81) revision 11731763'; Using compiler version '192829333'; Build Type 'Release'
OS: 'Windows 11  (10.0.22622) 64bit CoreSingleLanguage' Language: 'en' Physical Memory: 15715 MB
BatchMode: 1, IsHumanControllingUs: 0, StartBugReporterOnCrash: 0, Is64bit: 1, IsPro: 1

COMMAND LINE ARGUMENTS:
C:\Program Files\Unity\Hub\Editor\2021.3.8f1\Editor\Unity.exe
-adb2
-batchMode
-noUpm
-name
AssetImportWorker0
-projectPath
C:/Users/VTG/Documents/GitHub/Unity/greenerisation
-logFile
Logs/AssetImportWorker0.log
-srvPort
55488
Successfully changed project path to: C:/Users/VTG/Documents/GitHub/Unity/greenerisation
C:/Users/VTG/Documents/GitHub/Unity/greenerisation
[UnityMemory] Configuration Parameters - Can be set up in boot.config
    "memorysetup-bucket-allocator-granularity=16"
    "memorysetup-bucket-allocator-bucket-count=8"
    "memorysetup-bucket-allocator-block-size=33554432"
    "memorysetup-bucket-allocator-block-count=8"
    "memorysetup-main-allocator-block-size=16777216"
    "memorysetup-thread-allocator-block-size=16777216"
    "memorysetup-gfx-main-allocator-block-size=16777216"
    "memorysetup-gfx-thread-allocator-block-size=16777216"
    "memorysetup-cache-allocator-block-size=4194304"
    "memorysetup-typetree-allocator-block-size=2097152"
    "memorysetup-profiler-bucket-allocator-granularity=16"
    "memorysetup-profiler-bucket-allocator-bucket-count=8"
    "memorysetup-profiler-bucket-allocator-block-size=33554432"
    "memorysetup-profiler-bucket-allocator-block-count=8"
    "memorysetup-profiler-allocator-block-size=16777216"
    "memorysetup-profiler-editor-allocator-block-size=1048576"
    "memorysetup-temp-allocator-size-main=16777216"
    "memorysetup-job-temp-allocator-block-size=2097152"
    "memorysetup-job-temp-allocator-block-size-background=1048576"
    "memorysetup-job-temp-allocator-reduction-small-platforms=262144"
    "memorysetup-temp-allocator-size-background-worker=32768"
    "memorysetup-temp-allocator-size-job-worker=262144"
    "memorysetup-temp-allocator-size-preload-manager=33554432"
    "memorysetup-temp-allocator-size-nav-mesh-worker=65536"
    "memorysetup-temp-allocator-size-audio-worker=65536"
    "memorysetup-temp-allocator-size-cloud-worker=32768"
    "memorysetup-temp-allocator-size-gi-baking-worker=262144"
    "memorysetup-temp-allocator-size-gfx=262144"
Refreshing native plugins compatible for Editor in 83.33 ms, found 3 plugins.
Preloading 0 native plugins for Editor in 0.00 ms.
Initialize engine version: 2021.3.8f1 (b30333d56e81)
[Subsystems] Discovering subsystems at path C:/Program Files/Unity/Hub/Editor/2021.3.8f1/Editor/Data/Resources/UnitySubsystems
[Subsystems] Discovering subsystems at path C:/Users/VTG/Documents/GitHub/Unity/greenerisation/Assets
GfxDevice: creating device client; threaded=0; jobified=0
Direct3D:
    Version:  Direct3D 11.0 [level 11.1]
    Renderer: Radeon RX 5500M (ID=0x7340)
    Vendor:   ATI
    VRAM:     4055 MB
    Driver:   31.0.12002.4002
Initialize mono
Mono path[0] = 'C:/Program Files/Unity/Hub/Editor/2021.3.8f1/Editor/Data/Managed'
Mono path[1] = 'C:/Program Files/Unity/Hub/Editor/2021.3.8f1/Editor/Data/MonoBleedingEdge/lib/mono/unityjit-win32'
Mono config path = 'C:/Program Files/Unity/Hub/Editor/2021.3.8f1/Editor/Data/MonoBleedingEdge/etc'
Using monoOptions --debugger-agent=transport=dt_socket,embedding=1,server=y,suspend=n,address=127.0.0.1:56496
Begin MonoManager ReloadAssembly
Registering precompiled unity dll's ...
Register platform support module: C:/Program Files/Unity/Hub/Editor/2021.3.8f1/Editor/Data/PlaybackEngines/WindowsStandaloneSupport/UnityEditor.WindowsStandalone.Extensions.dll
Registered in 0.003853 seconds.
Native extension for WindowsStandalone target not found
Refreshing native plugins compatible for Editor in 78.50 ms, found 3 plugins.
Preloading 0 native plugins for Editor in 0.00 ms.
Mono: successfully reloaded assembly
- Completed reload, in  0.536 seconds
Domain Reload Profiling:
	ReloadAssembly (537ms)
		BeginReloadAssembly (62ms)
			ExecutionOrderSort (0ms)
			DisableScriptedObjects (0ms)
			BackupInstance (0ms)
			ReleaseScriptingObjects (0ms)
			CreateAndSetChildDomain (1ms)
		EndReloadAssembly (386ms)
			LoadAssemblies (60ms)
			RebuildTransferFunctionScriptingTraits (0ms)
			SetupTypeCache (91ms)
			ReleaseScriptCaches (0ms)
			RebuildScriptCaches (22ms)
			SetupLoadedEditorAssemblies (228ms)
				LogAssemblyErrors (0ms)
				InitializePlatformSupportModulesInManaged (7ms)
				SetLoadedEditorAssemblies (0ms)
				RefreshPlugins (79ms)
				BeforeProcessingInitializeOnLoad (1ms)
				ProcessInitializeOnLoadAttributes (103ms)
				ProcessInitializeOnLoadMethodAttributes (39ms)
				AfterProcessingInitializeOnLoad (0ms)
				EditorAssembliesLoaded (0ms)
			ExecutionOrderSort2 (0ms)
			AwakeInstancesAfterBackupRestoration (0ms)
Platform modules already initialized, skipping
Registering precompiled user dll's ...
Registered in 0.005096 seconds.
Begin MonoManager ReloadAssembly
Symbol file LoadedFromMemory doesn't match image C:\Users\VTG\Documents\GitHub\Unity\greenerisation\Library\PackageCache\com.unity.visualscripting@1.7.8\Editor\VisualScripting.Core\Dependencies\YamlDotNet\Unity.VisualScripting.YamlDotNet.dll
Symbol file LoadedFromMemory doesn't match image C:\Users\VTG\Documents\GitHub\Unity\greenerisation\Library\PackageCache\com.unity.visualscripting@1.7.8\Editor\VisualScripting.Core\Dependencies\DotNetZip\Unity.VisualScripting.IonicZip.dll
Native extension for WindowsStandalone target not found
Refreshing native plugins compatible for Editor in 80.87 ms, found 3 plugins.
Preloading 0 native plugins for Editor in 0.00 ms.
Mono: successfully reloaded assembly
- Completed reload, in  1.036 seconds
Domain Reload Profiling:
	ReloadAssembly (1036ms)
		BeginReloadAssembly (92ms)
			ExecutionOrderSort (0ms)
			DisableScriptedObjects (5ms)
			BackupInstance (0ms)
			ReleaseScriptingObjects (0ms)
			CreateAndSetChildDomain (19ms)
		EndReloadAssembly (850ms)
			LoadAssemblies (63ms)
			RebuildTransferFunctionScriptingTraits (0ms)
			SetupTypeCache (252ms)
			ReleaseScriptCaches (1ms)
			RebuildScriptCaches (48ms)
			SetupLoadedEditorAssemblies (439ms)
				LogAssemblyErrors (0ms)
				InitializePlatformSupportModulesInManaged (3ms)
				SetLoadedEditorAssemblies (0ms)
				RefreshPlugins (81ms)
				BeforeProcessingInitializeOnLoad (81ms)
				ProcessInitializeOnLoadAttributes (247ms)
				ProcessInitializeOnLoadMethodAttributes (21ms)
				AfterProcessingInitializeOnLoad (6ms)
				EditorAssembliesLoaded (0ms)
			ExecutionOrderSort2 (0ms)
			AwakeInstancesAfterBackupRestoration (6ms)
Platform modules already initialized, skipping
========================================================================
Worker process is ready to serve import requests
Launched and connected shader compiler UnityShaderCompiler.exe after 0.05 seconds
Refreshing native plugins compatible for Editor in 0.56 ms, found 3 plugins.
Preloading 0 native plugins for Editor in 0.00 ms.
Unloading 3745 Unused Serialized files (Serialized files now loaded: 0)
Unloading 30 unused Assets / (111.5 KB). Loaded Objects now: 4203.
Memory consumption went from 134.1 MB to 134.0 MB.
Total: 3.168400 ms (FindLiveObjects: 0.351200 ms CreateObjectMapping: 0.134700 ms MarkObjects: 2.574200 ms  DeleteObjects: 0.107000 ms)

AssetImportParameters requested are different than current active one (requested -> active):
  custom:video-decoder-ogg-theora: a1e56fd34408186e4bbccfd4996cb3dc -> 
  custom:container-muxer-webm: aa71ff27fc2769a1b78a27578f13a17b -> 
  custom:container-demuxer-webm: 4f35f7cbe854078d1ac9338744f61a02 -> 
  custom:video-encoder-webm-vp8: eb34c28f22e8b96e1ab97ce403110664 -> 
  custom:video-codec-MediaFoundation-h265: 746d11721c4dcdbdad8f713fa42b33f4 -> 
  custom:audio-encoder-webm-vorbis: bf7c407c2cedff20999df2af8eb42d56 -> 
  custom:framework-win-MediaFoundation: 216162199b28c13a410421893ffa2e32 -> 
  custom:container-demuxer-ogg: 62fdf1f143b41e24485cea50d1cbac27 -> 
  custom:video-decoder-webm-vp8: 9c59270c3fd7afecdb556c50c9e8de78 -> 
  custom:audio-decoder-ogg-vorbis: bf7c407c2cedff20999df2af8eb42d56 -> 
========================================================================
Received Import Request.
  Time since last request: 36463.269005 seconds.
  path: Assets/Prefab/LevelLoader 1.prefab
  artifactKey: Guid(ba1c0d026c46706429b2c9ed9b9168e9) Importer(815301076,1909f56bfc062723c751e8b465ee728b)
Start importing Assets/Prefab/LevelLoader 1.prefab using Guid(ba1c0d026c46706429b2c9ed9b9168e9) Importer(815301076,1909f56bfc062723c751e8b465ee728b)  -> (artifact id: '017f4edc649738b00fcb7134df7eb386') in 0.050588 seconds 
========================================================================
Received Import Request.
  Time since last request: 1.533888 seconds.
  path: Assets/meterials/New Material 1.mat
  artifactKey: Guid(7954465478062fc439405e83e9af3bc3) Importer(815301076,1909f56bfc062723c751e8b465ee728b)
Start importing Assets/meterials/New Material 1.mat using Guid(7954465478062fc439405e83e9af3bc3) Importer(815301076,1909f56bfc062723c751e8b465ee728b)  -> (artifact id: 'bb30145caf82e22120052dd2edc16906') in 0.092653 seconds 
========================================================================
Received Import Request.
  Time since last request: 309.892524 seconds.
  path: Assets/SoundTrack
  artifactKey: Guid(c2e635fc13c1d1b45aa7eba78eb7b91b) Importer(815301076,1909f56bfc062723c751e8b465ee728b)
Start importing Assets/SoundTrack using Guid(c2e635fc13c1d1b45aa7eba78eb7b91b) Importer(815301076,1909f56bfc062723c751e8b465ee728b)  -> (artifact id: '072d9f5136e6cfbf130cfe3aa4615d02') in 0.006584 seconds 
========================================================================
Received Import Request.
  Time since last request: 11.645418 seconds.
  path: Assets/SoundTrack/startscreen.wav
  artifactKey: Guid(2f12ce7aeaa7bd747b743ae6b47e61d0) Importer(815301076,1909f56bfc062723c751e8b465ee728b)
Start importing Assets/SoundTrack/startscreen.wav using Guid(2f12ce7aeaa7bd747b743ae6b47e61d0) Importer(815301076,1909f56bfc062723c751e8b465ee728b)  -> (artifact id: 'c28e21073bdd9c332798da5d2ed322e9') in 0.044640 seconds 
========================================================================
Received Import Request.
  Time since last request: 183.166846 seconds.
  path: Assets/Script/Stagescript
  artifactKey: Guid(17c43d587b233e34887f4f4fb4e985cd) Importer(815301076,1909f56bfc062723c751e8b465ee728b)
Start importing Assets/Script/Stagescript using Guid(17c43d587b233e34887f4f4fb4e985cd) Importer(815301076,1909f56bfc062723c751e8b465ee728b)  -> (artifact id: 'ecb5e3c0986d1762e71e0ec6a95af94a') in 0.005858 seconds 
========================================================================
Received Import Request.
  Time since last request: 8.267842 seconds.
  path: Assets/Script/Stagescript/StartGame.cs
  artifactKey: Guid(28aa895979154a843b7904e693281c4e) Importer(815301076,1909f56bfc062723c751e8b465ee728b)
Start importing Assets/Script/Stagescript/StartGame.cs using Guid(28aa895979154a843b7904e693281c4e) Importer(815301076,1909f56bfc062723c751e8b465ee728b)  -> (artifact id: 'e5690ae3001999ac5418e290c746a5e9') in 0.008776 seconds 
========================================================================
Received Import Request.
  Time since last request: 171.226130 seconds.
  path: Assets/Script
  artifactKey: Guid(6ee812bb364f94f438e0731d059a5f29) Importer(815301076,1909f56bfc062723c751e8b465ee728b)
Start importing Assets/Script using Guid(6ee812bb364f94f438e0731d059a5f29) Importer(815301076,1909f56bfc062723c751e8b465ee728b)  -> (artifact id: '520ea460aad24f5dedac4f220e7fca3e') in 0.005278 seconds 
========================================================================
Received Import Request.
  Time since last request: 1.963272 seconds.
  path: Assets/Script/Inputmanager.cs
  artifactKey: Guid(dccfd36ee80360a42886ed5b3bf9f0d4) Importer(815301076,1909f56bfc062723c751e8b465ee728b)
Start importing Assets/Script/Inputmanager.cs using Guid(dccfd36ee80360a42886ed5b3bf9f0d4) Importer(815301076,1909f56bfc062723c751e8b465ee728b)  -> (artifact id: '0c79c46b6c185feb475a4bffe763e2f0') in 0.005468 seconds 
